<?xml version="1.0" encoding="UTF-8" ?>
<testsuite failures="0" time="20.507" errors="0" skipped="0" tests="4" name="test.TestHibernate">
  <properties>
    <property name="jboss.i18n.generate-proxies" value="true"/>
    <property name="java.runtime.name" value="Java(TM) SE Runtime Environment"/>
    <property name="sun.boot.library.path" value="D:\MyEclipse\MyEclipse-10.6\10\Common\binary\com.sun.java.jdk.win32.x86_1.6.0.013\jre\bin"/>
    <property name="java.vm.version" value="11.3-b02"/>
    <property name="java.vm.vendor" value="Sun Microsystems Inc."/>
    <property name="java.vendor.url" value="http://java.sun.com/"/>
    <property name="path.separator" value=";"/>
    <property name="java.vm.name" value="Java HotSpot(TM) Client VM"/>
    <property name="file.encoding.pkg" value="sun.io"/>
    <property name="user.country" value="CN"/>
    <property name="sun.java.launcher" value="SUN_STANDARD"/>
    <property name="sun.os.patch.level" value=""/>
    <property name="java.vm.specification.name" value="Java Virtual Machine Specification"/>
    <property name="user.dir" value="E:\Java\MyEclipse10\A-Blog"/>
    <property name="java.runtime.version" value="1.6.0_13-b03"/>
    <property name="java.awt.graphicsenv" value="sun.awt.Win32GraphicsEnvironment"/>
    <property name="basedir" value="E:\Java\MyEclipse10\A-Blog"/>
    <property name="java.endorsed.dirs" value="D:\MyEclipse\MyEclipse-10.6\10\Common\binary\com.sun.java.jdk.win32.x86_1.6.0.013\jre\lib\endorsed"/>
    <property name="os.arch" value="x86"/>
    <property name="surefire.real.class.path" value="E:\Java\MyEclipse10\A-Blog\target\surefire\surefirebooter2224384821421872881.jar"/>
    <property name="java.io.tmpdir" value="C:\Users\wusg\AppData\Local\Temp\"/>
    <property name="line.separator" value="
"/>
    <property name="java.vm.specification.vendor" value="Sun Microsystems Inc."/>
    <property name="user.variant" value=""/>
    <property name="os.name" value="Windows Vista"/>
    <property name="sun.jnu.encoding" value="GBK"/>
    <property name="java.library.path" value="D:\MyEclipse\MyEclipse-10.6\10\Common\binary\com.sun.java.jdk.win32.x86_1.6.0.013\jre\bin;.;C:\Windows\Sun\Java\bin;C:\Windows\system32;C:\Windows;D:/MyEclipse/MyEclipse-10.6/10/Common/binary/com.sun.java.jdk.win32.x86_1.6.0.013/jre/bin/client;D:/MyEclipse/MyEclipse-10.6/10/Common/binary/com.sun.java.jdk.win32.x86_1.6.0.013/jre/bin;D:/MyEclipse/MyEclipse-10.6/10/Common/binary/com.sun.java.jdk.win32.x86_1.6.0.013/jre/lib/i386;C:\Program Files\Common Files\NetSarang;C:\Windows\system32;C:\Windows;C:\Windows\System32\Wbem;C:\Windows\System32\WindowsPowerShell\v1.0\;D:\ApplicationSoftware\Plug-inUnit\jdk-7u60-windows-i586\bin;D:\ApplicationSoftware\Plug-inUnit\jdk-7u60-windows-i586\jre\bin;D:\ApplicationSoftware\Plug-inUnit\apache-maven-3.2.2\bin;D:\MyEclipse\apache-tomcat-7.0.52\bin;D:\ApplicationSoftware\ManagementTool\svn\bin"/>
    <property name="surefire.test.class.path" value="E:\Java\MyEclipse10\A-Blog\target\test-classes;E:\Java\MyEclipse10\A-Blog\target\classes;C:\Users\wusg\.m2\repository\junit\junit\4.4\junit-4.4.jar;C:\Users\wusg\.m2\repository\mysql\mysql-connector-java\5.1.26\mysql-connector-java-5.1.26.jar;C:\Users\wusg\.m2\repository\log4j\log4j\1.2.16\log4j-1.2.16.jar;C:\Users\wusg\.m2\repository\org\hibernate\hibernate-core\4.2.6.Final\hibernate-core-4.2.6.Final.jar;C:\Users\wusg\.m2\repository\antlr\antlr\2.7.7\antlr-2.7.7.jar;C:\Users\wusg\.m2\repository\org\jboss\logging\jboss-logging\3.1.0.GA\jboss-logging-3.1.0.GA.jar;C:\Users\wusg\.m2\repository\dom4j\dom4j\1.6.1\dom4j-1.6.1.jar;C:\Users\wusg\.m2\repository\org\jboss\spec\javax\transaction\jboss-transaction-api_1.1_spec\1.0.1.Final\jboss-transaction-api_1.1_spec-1.0.1.Final.jar;C:\Users\wusg\.m2\repository\org\hibernate\javax\persistence\hibernate-jpa-2.0-api\1.0.1.Final\hibernate-jpa-2.0-api-1.0.1.Final.jar;C:\Users\wusg\.m2\repository\org\hibernate\common\hibernate-commons-annotations\4.0.2.Final\hibernate-commons-annotations-4.0.2.Final.jar;C:\Users\wusg\.m2\repository\org\javassist\javassist\3.15.0-GA\javassist-3.15.0-GA.jar;C:\Users\wusg\.m2\repository\commons-fileupload\commons-fileupload\1.3\commons-fileupload-1.3.jar;C:\Users\wusg\.m2\repository\javax\servlet\servlet-api\2.5\servlet-api-2.5.jar;C:\Users\wusg\.m2\repository\com\alibaba\fastjson\1.1.41\fastjson-1.1.41.jar;C:\Users\wusg\.m2\repository\com\alibaba\druid\0.2.8\druid-0.2.8.jar;C:\Users\wusg\.m2\repository\org\aspectj\aspectjweaver\1.7.3\aspectjweaver-1.7.3.jar;C:\Users\wusg\.m2\repository\commons-io\commons-io\2.4\commons-io-2.4.jar;C:\Users\wusg\.m2\repository\org\apache\commons\commons-lang3\3.1\commons-lang3-3.1.jar;C:\Users\wusg\.m2\repository\javax\servlet\jstl\1.2\jstl-1.2.jar;C:\Users\wusg\.m2\repository\javax\servlet\jsp\jsp-api\2.2.1-b03\jsp-api-2.2.1-b03.jar;C:\Users\wusg\.m2\repository\org\springframework\spring-test\3.2.4.RELEASE\spring-test-3.2.4.RELEASE.jar;C:\Users\wusg\.m2\repository\org\springframework\spring-core\3.2.4.RELEASE\spring-core-3.2.4.RELEASE.jar;C:\Users\wusg\.m2\repository\commons-logging\commons-logging\1.1.1\commons-logging-1.1.1.jar;C:\Users\wusg\.m2\repository\org\springframework\spring-webmvc\3.2.4.RELEASE\spring-webmvc-3.2.4.RELEASE.jar;C:\Users\wusg\.m2\repository\org\springframework\spring-beans\3.2.4.RELEASE\spring-beans-3.2.4.RELEASE.jar;C:\Users\wusg\.m2\repository\org\springframework\spring-context\3.2.4.RELEASE\spring-context-3.2.4.RELEASE.jar;C:\Users\wusg\.m2\repository\org\springframework\spring-aop\3.2.4.RELEASE\spring-aop-3.2.4.RELEASE.jar;C:\Users\wusg\.m2\repository\org\springframework\spring-expression\3.2.4.RELEASE\spring-expression-3.2.4.RELEASE.jar;C:\Users\wusg\.m2\repository\org\springframework\spring-web\3.2.4.RELEASE\spring-web-3.2.4.RELEASE.jar;C:\Users\wusg\.m2\repository\org\springframework\spring-orm\3.2.4.RELEASE\spring-orm-3.2.4.RELEASE.jar;C:\Users\wusg\.m2\repository\aopalliance\aopalliance\1.0\aopalliance-1.0.jar;C:\Users\wusg\.m2\repository\org\springframework\spring-jdbc\3.2.4.RELEASE\spring-jdbc-3.2.4.RELEASE.jar;C:\Users\wusg\.m2\repository\org\springframework\spring-tx\3.2.4.RELEASE\spring-tx-3.2.4.RELEASE.jar;C:\Users\wusg\.m2\repository\org\apache\struts\struts2-core\2.3.15.2\struts2-core-2.3.15.2.jar;C:\Users\wusg\.m2\repository\org\apache\struts\xwork\xwork-core\2.3.15.2\xwork-core-2.3.15.2.jar;C:\Users\wusg\.m2\repository\asm\asm\3.3\asm-3.3.jar;C:\Users\wusg\.m2\repository\asm\asm-commons\3.3\asm-commons-3.3.jar;C:\Users\wusg\.m2\repository\asm\asm-tree\3.3\asm-tree-3.3.jar;C:\Users\wusg\.m2\repository\org\freemarker\freemarker\2.3.19\freemarker-2.3.19.jar;C:\Users\wusg\.m2\repository\ognl\ognl\3.0.6\ognl-3.0.6.jar;D:\MyEclipse\MyEclipse-10.6\10\Common\binary\com.sun.java.jdk.win32.x86_1.6.0.013\jre\..\lib\tools.jar;C:\Users\wusg\.m2\repository\org\apache\struts\struts2-spring-plugin\2.3.15.2\struts2-spring-plugin-2.3.15.2.jar;C:\Users\wusg\.m2\repository\org\apache\struts\struts2-convention-plugin\2.3.15.2\struts2-convention-plugin-2.3.15.2.jar;C:\Users\wusg\.m2\repository\org\apache\struts\struts2-dojo-plugin\2.3.15\struts2-dojo-plugin-2.3.15.jar;"/>
    <property name="java.specification.name" value="Java Platform API Specification"/>
    <property name="java.class.version" value="50.0"/>
    <property name="sun.management.compiler" value="HotSpot Client Compiler"/>
    <property name="os.version" value="6.2"/>
    <property name="user.home" value="C:\Users\wusg"/>
    <property name="user.timezone" value="Asia/Shanghai"/>
    <property name="java.awt.printerjob" value="sun.awt.windows.WPrinterJob"/>
    <property name="java.specification.version" value="1.6"/>
    <property name="file.encoding" value="GBK"/>
    <property name="user.name" value="wusg"/>
    <property name="java.class.path" value="E:\Java\MyEclipse10\A-Blog\target\test-classes;E:\Java\MyEclipse10\A-Blog\target\classes;C:\Users\wusg\.m2\repository\junit\junit\4.4\junit-4.4.jar;C:\Users\wusg\.m2\repository\mysql\mysql-connector-java\5.1.26\mysql-connector-java-5.1.26.jar;C:\Users\wusg\.m2\repository\log4j\log4j\1.2.16\log4j-1.2.16.jar;C:\Users\wusg\.m2\repository\org\hibernate\hibernate-core\4.2.6.Final\hibernate-core-4.2.6.Final.jar;C:\Users\wusg\.m2\repository\antlr\antlr\2.7.7\antlr-2.7.7.jar;C:\Users\wusg\.m2\repository\org\jboss\logging\jboss-logging\3.1.0.GA\jboss-logging-3.1.0.GA.jar;C:\Users\wusg\.m2\repository\dom4j\dom4j\1.6.1\dom4j-1.6.1.jar;C:\Users\wusg\.m2\repository\org\jboss\spec\javax\transaction\jboss-transaction-api_1.1_spec\1.0.1.Final\jboss-transaction-api_1.1_spec-1.0.1.Final.jar;C:\Users\wusg\.m2\repository\org\hibernate\javax\persistence\hibernate-jpa-2.0-api\1.0.1.Final\hibernate-jpa-2.0-api-1.0.1.Final.jar;C:\Users\wusg\.m2\repository\org\hibernate\common\hibernate-commons-annotations\4.0.2.Final\hibernate-commons-annotations-4.0.2.Final.jar;C:\Users\wusg\.m2\repository\org\javassist\javassist\3.15.0-GA\javassist-3.15.0-GA.jar;C:\Users\wusg\.m2\repository\commons-fileupload\commons-fileupload\1.3\commons-fileupload-1.3.jar;C:\Users\wusg\.m2\repository\javax\servlet\servlet-api\2.5\servlet-api-2.5.jar;C:\Users\wusg\.m2\repository\com\alibaba\fastjson\1.1.41\fastjson-1.1.41.jar;C:\Users\wusg\.m2\repository\com\alibaba\druid\0.2.8\druid-0.2.8.jar;C:\Users\wusg\.m2\repository\org\aspectj\aspectjweaver\1.7.3\aspectjweaver-1.7.3.jar;C:\Users\wusg\.m2\repository\commons-io\commons-io\2.4\commons-io-2.4.jar;C:\Users\wusg\.m2\repository\org\apache\commons\commons-lang3\3.1\commons-lang3-3.1.jar;C:\Users\wusg\.m2\repository\javax\servlet\jstl\1.2\jstl-1.2.jar;C:\Users\wusg\.m2\repository\javax\servlet\jsp\jsp-api\2.2.1-b03\jsp-api-2.2.1-b03.jar;C:\Users\wusg\.m2\repository\org\springframework\spring-test\3.2.4.RELEASE\spring-test-3.2.4.RELEASE.jar;C:\Users\wusg\.m2\repository\org\springframework\spring-core\3.2.4.RELEASE\spring-core-3.2.4.RELEASE.jar;C:\Users\wusg\.m2\repository\commons-logging\commons-logging\1.1.1\commons-logging-1.1.1.jar;C:\Users\wusg\.m2\repository\org\springframework\spring-webmvc\3.2.4.RELEASE\spring-webmvc-3.2.4.RELEASE.jar;C:\Users\wusg\.m2\repository\org\springframework\spring-beans\3.2.4.RELEASE\spring-beans-3.2.4.RELEASE.jar;C:\Users\wusg\.m2\repository\org\springframework\spring-context\3.2.4.RELEASE\spring-context-3.2.4.RELEASE.jar;C:\Users\wusg\.m2\repository\org\springframework\spring-aop\3.2.4.RELEASE\spring-aop-3.2.4.RELEASE.jar;C:\Users\wusg\.m2\repository\org\springframework\spring-expression\3.2.4.RELEASE\spring-expression-3.2.4.RELEASE.jar;C:\Users\wusg\.m2\repository\org\springframework\spring-web\3.2.4.RELEASE\spring-web-3.2.4.RELEASE.jar;C:\Users\wusg\.m2\repository\org\springframework\spring-orm\3.2.4.RELEASE\spring-orm-3.2.4.RELEASE.jar;C:\Users\wusg\.m2\repository\aopalliance\aopalliance\1.0\aopalliance-1.0.jar;C:\Users\wusg\.m2\repository\org\springframework\spring-jdbc\3.2.4.RELEASE\spring-jdbc-3.2.4.RELEASE.jar;C:\Users\wusg\.m2\repository\org\springframework\spring-tx\3.2.4.RELEASE\spring-tx-3.2.4.RELEASE.jar;C:\Users\wusg\.m2\repository\org\apache\struts\struts2-core\2.3.15.2\struts2-core-2.3.15.2.jar;C:\Users\wusg\.m2\repository\org\apache\struts\xwork\xwork-core\2.3.15.2\xwork-core-2.3.15.2.jar;C:\Users\wusg\.m2\repository\asm\asm\3.3\asm-3.3.jar;C:\Users\wusg\.m2\repository\asm\asm-commons\3.3\asm-commons-3.3.jar;C:\Users\wusg\.m2\repository\asm\asm-tree\3.3\asm-tree-3.3.jar;C:\Users\wusg\.m2\repository\org\freemarker\freemarker\2.3.19\freemarker-2.3.19.jar;C:\Users\wusg\.m2\repository\ognl\ognl\3.0.6\ognl-3.0.6.jar;D:\MyEclipse\MyEclipse-10.6\10\Common\binary\com.sun.java.jdk.win32.x86_1.6.0.013\jre\..\lib\tools.jar;C:\Users\wusg\.m2\repository\org\apache\struts\struts2-spring-plugin\2.3.15.2\struts2-spring-plugin-2.3.15.2.jar;C:\Users\wusg\.m2\repository\org\apache\struts\struts2-convention-plugin\2.3.15.2\struts2-convention-plugin-2.3.15.2.jar;C:\Users\wusg\.m2\repository\org\apache\struts\struts2-dojo-plugin\2.3.15\struts2-dojo-plugin-2.3.15.jar;"/>
    <property name="java.vm.specification.version" value="1.0"/>
    <property name="sun.arch.data.model" value="32"/>
    <property name="java.home" value="D:\MyEclipse\MyEclipse-10.6\10\Common\binary\com.sun.java.jdk.win32.x86_1.6.0.013\jre"/>
    <property name="java.specification.vendor" value="Sun Microsystems Inc."/>
    <property name="user.language" value="zh"/>
    <property name="awt.toolkit" value="sun.awt.windows.WToolkit"/>
    <property name="java.vm.info" value="mixed mode"/>
    <property name="java.version" value="1.6.0_13"/>
    <property name="java.ext.dirs" value="D:\MyEclipse\MyEclipse-10.6\10\Common\binary\com.sun.java.jdk.win32.x86_1.6.0.013\jre\lib\ext;C:\Windows\Sun\Java\lib\ext"/>
    <property name="sun.boot.class.path" value="D:\MyEclipse\MyEclipse-10.6\10\Common\binary\com.sun.java.jdk.win32.x86_1.6.0.013\jre\lib\resources.jar;D:\MyEclipse\MyEclipse-10.6\10\Common\binary\com.sun.java.jdk.win32.x86_1.6.0.013\jre\lib\rt.jar;D:\MyEclipse\MyEclipse-10.6\10\Common\binary\com.sun.java.jdk.win32.x86_1.6.0.013\jre\lib\sunrsasign.jar;D:\MyEclipse\MyEclipse-10.6\10\Common\binary\com.sun.java.jdk.win32.x86_1.6.0.013\jre\lib\jsse.jar;D:\MyEclipse\MyEclipse-10.6\10\Common\binary\com.sun.java.jdk.win32.x86_1.6.0.013\jre\lib\jce.jar;D:\MyEclipse\MyEclipse-10.6\10\Common\binary\com.sun.java.jdk.win32.x86_1.6.0.013\jre\lib\charsets.jar;D:\MyEclipse\MyEclipse-10.6\10\Common\binary\com.sun.java.jdk.win32.x86_1.6.0.013\jre\classes"/>
    <property name="java.vendor" value="Sun Microsystems Inc."/>
    <property name="localRepository" value="C:\Users\wusg\.m2\repository"/>
    <property name="file.separator" value="\"/>
    <property name="java.vendor.url.bug" value="http://java.sun.com/cgi-bin/bugreport.cgi"/>
    <property name="sun.cpu.endian" value="little"/>
    <property name="sun.io.unicode.encoding" value="UnicodeLittle"/>
    <property name="sun.desktop" value="windows"/>
    <property name="sun.cpu.isalist" value=""/>
  </properties>
  <testcase time="0.003" classname="test.TestHibernate" name="test_dao"/>
  <testcase time="0.001" classname="test.TestHibernate" name="test_one2one"/>
  <testcase time="13.98" classname="test.TestHibernate" name="getImage"/>
  <testcase time="6.445" classname="test.TestHibernate" name="testImage"/>
</testsuite>